2024-06-26 15:22:29.418  INFO 2736 --- [main] com.workwave.Main                        : Starting Main using Java 11.0.22 on DESKTOP-0L11UB0 with PID 2736 (E:\workwave\out\production\classes started by user in E:\workwave)
2024-06-26 15:22:29.427  INFO 2736 --- [main] com.workwave.Main                        : No active profile set, falling back to 1 default profile: "default"
2024-06-26 15:22:31.123  INFO 2736 --- [main] o.s.b.w.embedded.tomcat.TomcatWebServer  : Tomcat initialized with port(s): 8383 (http)
2024-06-26 15:22:31.135  INFO 2736 --- [main] o.apache.catalina.core.StandardService   : Starting service [Tomcat]
2024-06-26 15:22:31.136  INFO 2736 --- [main] org.apache.catalina.core.StandardEngine  : Starting Servlet engine: [Apache Tomcat/9.0.73]
2024-06-26 15:22:31.433  INFO 2736 --- [main] org.apache.jasper.servlet.TldScanner     : At least one JAR was scanned for TLDs yet contained no TLDs. Enable debug logging for this logger for a complete list of JARs that were scanned but no TLDs were found in them. Skipping unneeded JARs during scanning can improve startup time and JSP compilation time.
2024-06-26 15:22:31.442  INFO 2736 --- [main] o.a.c.c.C.[Tomcat].[localhost].[/]       : Initializing Spring embedded WebApplicationContext
2024-06-26 15:22:31.443  INFO 2736 --- [main] w.s.c.ServletWebServerApplicationContext : Root WebApplicationContext: initialization completed in 1955 ms
2024-06-26 15:22:31.841  WARN 2736 --- [main] .s.s.UserDetailsServiceAutoConfiguration : 

Using generated security password: 070c310e-5407-47f9-9388-7af858737e57

This generated password is for development use only. Your security configuration must be updated before running your application in production.

2024-06-26 15:22:31.928 DEBUG 2736 --- [main] edFilterInvocationSecurityMetadataSource : Adding web access control expression [permitAll] for Ant [pattern='/**']
2024-06-26 15:22:31.955  INFO 2736 --- [main] o.s.s.web.DefaultSecurityFilterChain     : Will secure any request with [org.springframework.security.web.session.DisableEncodeUrlFilter@7634f2b, org.springframework.security.web.context.request.async.WebAsyncManagerIntegrationFilter@1d15c0a1, org.springframework.security.web.context.SecurityContextPersistenceFilter@664e848c, org.springframework.security.web.header.HeaderWriterFilter@611b35d6, org.springframework.security.web.authentication.logout.LogoutFilter@778a1250, org.springframework.security.web.savedrequest.RequestCacheAwareFilter@114a5e0, org.springframework.security.web.servletapi.SecurityContextHolderAwareRequestFilter@4f281aaf, org.springframework.security.web.authentication.AnonymousAuthenticationFilter@15639d09, org.springframework.security.web.session.SessionManagementFilter@5efeb117, org.springframework.security.web.access.ExceptionTranslationFilter@66e21568, org.springframework.security.web.access.intercept.FilterSecurityInterceptor@5f726750]
2024-06-26 15:22:32.088 DEBUG 2736 --- [main] s.w.s.m.m.a.RequestMappingHandlerAdapter : ControllerAdvice beans: 0 @ModelAttribute, 0 @InitBinder, 1 RequestBodyAdvice, 1 ResponseBodyAdvice
2024-06-26 15:22:32.131  INFO 2736 --- [main] o.s.b.a.w.s.WelcomePageHandlerMapping    : Adding welcome page template: index
2024-06-26 15:22:32.179 DEBUG 2736 --- [main] s.w.s.m.m.a.RequestMappingHandlerMapping : 19 mappings in 'requestMappingHandlerMapping'
2024-06-26 15:22:32.194 DEBUG 2736 --- [main] o.s.w.s.handler.SimpleUrlHandlerMapping  : Patterns [/webjars/**, /**] in 'resourceHandlerMapping'
2024-06-26 15:22:32.201 DEBUG 2736 --- [main] .m.m.a.ExceptionHandlerExceptionResolver : ControllerAdvice beans: 0 @ExceptionHandler, 1 ResponseBodyAdvice
2024-06-26 15:22:32.298  INFO 2736 --- [main] o.s.b.w.embedded.tomcat.TomcatWebServer  : Tomcat started on port(s): 8383 (http) with context path ''
2024-06-26 15:22:32.308  INFO 2736 --- [main] com.workwave.Main                        : Started Main in 3.38 seconds (JVM running for 5.249)
2024-06-26 15:22:37.473  INFO 2736 --- [http-nio-8383-exec-1] o.a.c.c.C.[Tomcat].[localhost].[/]       : Initializing Spring DispatcherServlet 'dispatcherServlet'
2024-06-26 15:22:37.474  INFO 2736 --- [http-nio-8383-exec-1] o.s.web.servlet.DispatcherServlet        : Initializing Servlet 'dispatcherServlet'
2024-06-26 15:22:37.475 DEBUG 2736 --- [http-nio-8383-exec-1] o.s.web.servlet.DispatcherServlet        : Detected StandardServletMultipartResolver
2024-06-26 15:22:37.475 DEBUG 2736 --- [http-nio-8383-exec-1] o.s.web.servlet.DispatcherServlet        : Detected AcceptHeaderLocaleResolver
2024-06-26 15:22:37.475 DEBUG 2736 --- [http-nio-8383-exec-1] o.s.web.servlet.DispatcherServlet        : Detected FixedThemeResolver
2024-06-26 15:22:37.476 DEBUG 2736 --- [http-nio-8383-exec-1] o.s.web.servlet.DispatcherServlet        : Detected org.springframework.web.servlet.view.DefaultRequestToViewNameTranslator@8efff5
2024-06-26 15:22:37.476 DEBUG 2736 --- [http-nio-8383-exec-1] o.s.web.servlet.DispatcherServlet        : Detected org.springframework.web.servlet.support.SessionFlashMapManager@7b24e95e
2024-06-26 15:22:37.476 DEBUG 2736 --- [http-nio-8383-exec-1] o.s.web.servlet.DispatcherServlet        : enableLoggingRequestDetails='false': request parameters and headers will be masked to prevent unsafe logging of potentially sensitive data
2024-06-26 15:22:37.476  INFO 2736 --- [http-nio-8383-exec-1] o.s.web.servlet.DispatcherServlet        : Completed initialization in 1 ms
2024-06-26 15:22:37.484 DEBUG 2736 --- [http-nio-8383-exec-1] o.s.security.web.FilterChainProxy        : Securing GET /index
2024-06-26 15:22:37.489 DEBUG 2736 --- [http-nio-8383-exec-1] s.s.w.c.SecurityContextPersistenceFilter : Set SecurityContextHolder to empty SecurityContext
2024-06-26 15:22:37.491 DEBUG 2736 --- [http-nio-8383-exec-1] o.s.s.w.a.AnonymousAuthenticationFilter  : Set SecurityContextHolder to anonymous SecurityContext
2024-06-26 15:22:37.501 DEBUG 2736 --- [http-nio-8383-exec-1] o.s.s.w.a.i.FilterSecurityInterceptor    : Authorized filter invocation [GET /index] with attributes [permitAll]
2024-06-26 15:22:37.501 DEBUG 2736 --- [http-nio-8383-exec-1] o.s.security.web.FilterChainProxy        : Secured GET /index
2024-06-26 15:22:37.503 DEBUG 2736 --- [http-nio-8383-exec-1] o.s.web.servlet.DispatcherServlet        : GET "/index", parameters={}
2024-06-26 15:22:37.514 DEBUG 2736 --- [http-nio-8383-exec-1] o.s.w.s.handler.SimpleUrlHandlerMapping  : Mapped to ResourceHttpRequestHandler [classpath [META-INF/resources/], classpath [resources/], classpath [static/], classpath [public/], ServletContext [/]]
2024-06-26 15:22:37.516 DEBUG 2736 --- [http-nio-8383-exec-1] o.s.w.s.r.ResourceHttpRequestHandler     : Resource not found
2024-06-26 15:22:37.517 DEBUG 2736 --- [http-nio-8383-exec-1] w.c.HttpSessionSecurityContextRepository : Did not store anonymous SecurityContext
2024-06-26 15:22:37.517 DEBUG 2736 --- [http-nio-8383-exec-1] o.s.web.servlet.DispatcherServlet        : Completed 404 NOT_FOUND
2024-06-26 15:22:37.518 DEBUG 2736 --- [http-nio-8383-exec-1] w.c.HttpSessionSecurityContextRepository : Did not store anonymous SecurityContext
2024-06-26 15:22:37.518 DEBUG 2736 --- [http-nio-8383-exec-1] s.s.w.c.SecurityContextPersistenceFilter : Cleared SecurityContextHolder to complete request
2024-06-26 15:22:37.520 DEBUG 2736 --- [http-nio-8383-exec-1] o.s.security.web.FilterChainProxy        : Securing GET /error
2024-06-26 15:22:37.520 DEBUG 2736 --- [http-nio-8383-exec-1] s.s.w.c.SecurityContextPersistenceFilter : Set SecurityContextHolder to empty SecurityContext
2024-06-26 15:22:37.520 DEBUG 2736 --- [http-nio-8383-exec-1] o.s.s.w.a.AnonymousAuthenticationFilter  : Set SecurityContextHolder to anonymous SecurityContext
2024-06-26 15:22:37.520 DEBUG 2736 --- [http-nio-8383-exec-1] o.s.security.web.FilterChainProxy        : Secured GET /error
2024-06-26 15:22:37.520 DEBUG 2736 --- [http-nio-8383-exec-1] o.s.web.servlet.DispatcherServlet        : "ERROR" dispatch for GET "/error", parameters={}
2024-06-26 15:22:37.524 DEBUG 2736 --- [http-nio-8383-exec-1] s.w.s.m.m.a.RequestMappingHandlerMapping : Mapped to org.springframework.boot.autoconfigure.web.servlet.error.BasicErrorController#errorHtml(HttpServletRequest, HttpServletResponse)
2024-06-26 15:22:37.543 DEBUG 2736 --- [http-nio-8383-exec-1] o.s.w.s.v.ContentNegotiatingViewResolver : Selected 'text/html' given [text/html, text/html;q=0.8]
2024-06-26 15:22:37.548 DEBUG 2736 --- [http-nio-8383-exec-1] o.s.web.servlet.DispatcherServlet        : Exiting from "ERROR" dispatch, status 404
2024-06-26 15:22:37.548 DEBUG 2736 --- [http-nio-8383-exec-1] w.c.HttpSessionSecurityContextRepository : Did not store anonymous SecurityContext
2024-06-26 15:22:37.548 DEBUG 2736 --- [http-nio-8383-exec-1] s.s.w.c.SecurityContextPersistenceFilter : Cleared SecurityContextHolder to complete request
2024-06-26 15:22:38.401 DEBUG 2736 --- [http-nio-8383-exec-3] o.s.security.web.FilterChainProxy        : Securing GET /index
2024-06-26 15:22:38.401 DEBUG 2736 --- [http-nio-8383-exec-3] s.s.w.c.SecurityContextPersistenceFilter : Set SecurityContextHolder to empty SecurityContext
2024-06-26 15:22:38.401 DEBUG 2736 --- [http-nio-8383-exec-3] o.s.s.w.a.AnonymousAuthenticationFilter  : Set SecurityContextHolder to anonymous SecurityContext
2024-06-26 15:22:38.401 DEBUG 2736 --- [http-nio-8383-exec-3] o.s.s.w.a.i.FilterSecurityInterceptor    : Authorized filter invocation [GET /index] with attributes [permitAll]
2024-06-26 15:22:38.401 DEBUG 2736 --- [http-nio-8383-exec-3] o.s.security.web.FilterChainProxy        : Secured GET /index
2024-06-26 15:22:38.402 DEBUG 2736 --- [http-nio-8383-exec-3] o.s.web.servlet.DispatcherServlet        : GET "/index", parameters={}
2024-06-26 15:22:38.402 DEBUG 2736 --- [http-nio-8383-exec-3] o.s.w.s.handler.SimpleUrlHandlerMapping  : Mapped to ResourceHttpRequestHandler [classpath [META-INF/resources/], classpath [resources/], classpath [static/], classpath [public/], ServletContext [/]]
2024-06-26 15:22:38.403 DEBUG 2736 --- [http-nio-8383-exec-3] o.s.w.s.r.ResourceHttpRequestHandler     : Resource not found
2024-06-26 15:22:38.403 DEBUG 2736 --- [http-nio-8383-exec-3] w.c.HttpSessionSecurityContextRepository : Did not store anonymous SecurityContext
2024-06-26 15:22:38.403 DEBUG 2736 --- [http-nio-8383-exec-3] o.s.web.servlet.DispatcherServlet        : Completed 404 NOT_FOUND
2024-06-26 15:22:38.403 DEBUG 2736 --- [http-nio-8383-exec-3] w.c.HttpSessionSecurityContextRepository : Did not store anonymous SecurityContext
2024-06-26 15:22:38.403 DEBUG 2736 --- [http-nio-8383-exec-3] s.s.w.c.SecurityContextPersistenceFilter : Cleared SecurityContextHolder to complete request
2024-06-26 15:22:38.403 DEBUG 2736 --- [http-nio-8383-exec-3] o.s.security.web.FilterChainProxy        : Securing GET /error
2024-06-26 15:22:38.403 DEBUG 2736 --- [http-nio-8383-exec-3] s.s.w.c.SecurityContextPersistenceFilter : Set SecurityContextHolder to empty SecurityContext
2024-06-26 15:22:38.404 DEBUG 2736 --- [http-nio-8383-exec-3] o.s.s.w.a.AnonymousAuthenticationFilter  : Set SecurityContextHolder to anonymous SecurityContext
2024-06-26 15:22:38.404 DEBUG 2736 --- [http-nio-8383-exec-3] o.s.security.web.FilterChainProxy        : Secured GET /error
2024-06-26 15:22:38.404 DEBUG 2736 --- [http-nio-8383-exec-3] o.s.web.servlet.DispatcherServlet        : "ERROR" dispatch for GET "/error", parameters={}
2024-06-26 15:22:38.404 DEBUG 2736 --- [http-nio-8383-exec-3] s.w.s.m.m.a.RequestMappingHandlerMapping : Mapped to org.springframework.boot.autoconfigure.web.servlet.error.BasicErrorController#errorHtml(HttpServletRequest, HttpServletResponse)
2024-06-26 15:22:38.406 DEBUG 2736 --- [http-nio-8383-exec-3] o.s.w.s.v.ContentNegotiatingViewResolver : Selected 'text/html' given [text/html, text/html;q=0.8]
2024-06-26 15:22:38.406 DEBUG 2736 --- [http-nio-8383-exec-3] o.s.web.servlet.DispatcherServlet        : Exiting from "ERROR" dispatch, status 404
2024-06-26 15:22:38.406 DEBUG 2736 --- [http-nio-8383-exec-3] w.c.HttpSessionSecurityContextRepository : Did not store anonymous SecurityContext
2024-06-26 15:22:38.406 DEBUG 2736 --- [http-nio-8383-exec-3] s.s.w.c.SecurityContextPersistenceFilter : Cleared SecurityContextHolder to complete request
2024-06-26 15:22:38.459 DEBUG 2736 --- [http-nio-8383-exec-2] o.s.security.web.FilterChainProxy        : Securing GET /favicon.ico
2024-06-26 15:22:38.460 DEBUG 2736 --- [http-nio-8383-exec-2] s.s.w.c.SecurityContextPersistenceFilter : Set SecurityContextHolder to empty SecurityContext
2024-06-26 15:22:38.460 DEBUG 2736 --- [http-nio-8383-exec-2] o.s.s.w.a.AnonymousAuthenticationFilter  : Set SecurityContextHolder to anonymous SecurityContext
2024-06-26 15:22:38.460 DEBUG 2736 --- [http-nio-8383-exec-2] o.s.s.w.a.i.FilterSecurityInterceptor    : Authorized filter invocation [GET /favicon.ico] with attributes [permitAll]
2024-06-26 15:22:38.460 DEBUG 2736 --- [http-nio-8383-exec-2] o.s.security.web.FilterChainProxy        : Secured GET /favicon.ico
2024-06-26 15:22:38.460 DEBUG 2736 --- [http-nio-8383-exec-2] o.s.web.servlet.DispatcherServlet        : GET "/favicon.ico", parameters={}
2024-06-26 15:22:38.461 DEBUG 2736 --- [http-nio-8383-exec-2] o.s.w.s.handler.SimpleUrlHandlerMapping  : Mapped to ResourceHttpRequestHandler [classpath [META-INF/resources/], classpath [resources/], classpath [static/], classpath [public/], ServletContext [/]]
2024-06-26 15:22:38.462 DEBUG 2736 --- [http-nio-8383-exec-2] o.s.w.s.r.ResourceHttpRequestHandler     : Resource not found
2024-06-26 15:22:38.462 DEBUG 2736 --- [http-nio-8383-exec-2] w.c.HttpSessionSecurityContextRepository : Did not store anonymous SecurityContext
2024-06-26 15:22:38.462 DEBUG 2736 --- [http-nio-8383-exec-2] o.s.web.servlet.DispatcherServlet        : Completed 404 NOT_FOUND
2024-06-26 15:22:38.462 DEBUG 2736 --- [http-nio-8383-exec-2] w.c.HttpSessionSecurityContextRepository : Did not store anonymous SecurityContext
2024-06-26 15:22:38.462 DEBUG 2736 --- [http-nio-8383-exec-2] s.s.w.c.SecurityContextPersistenceFilter : Cleared SecurityContextHolder to complete request
2024-06-26 15:22:38.463 DEBUG 2736 --- [http-nio-8383-exec-2] o.s.security.web.FilterChainProxy        : Securing GET /error
2024-06-26 15:22:38.463 DEBUG 2736 --- [http-nio-8383-exec-2] s.s.w.c.SecurityContextPersistenceFilter : Set SecurityContextHolder to empty SecurityContext
2024-06-26 15:22:38.463 DEBUG 2736 --- [http-nio-8383-exec-2] o.s.s.w.a.AnonymousAuthenticationFilter  : Set SecurityContextHolder to anonymous SecurityContext
2024-06-26 15:22:38.463 DEBUG 2736 --- [http-nio-8383-exec-2] o.s.security.web.FilterChainProxy        : Secured GET /error
2024-06-26 15:22:38.463 DEBUG 2736 --- [http-nio-8383-exec-2] o.s.web.servlet.DispatcherServlet        : "ERROR" dispatch for GET "/error", parameters={}
2024-06-26 15:22:38.463 DEBUG 2736 --- [http-nio-8383-exec-2] s.w.s.m.m.a.RequestMappingHandlerMapping : Mapped to org.springframework.boot.autoconfigure.web.servlet.error.BasicErrorController#error(HttpServletRequest)
2024-06-26 15:22:38.479 DEBUG 2736 --- [http-nio-8383-exec-2] o.s.w.s.m.m.a.HttpEntityMethodProcessor  : Using 'application/json;q=0.8', given [image/avif, image/webp, image/apng, image/svg+xml, image/*, */*;q=0.8] and supported [application/json, application/*+json, application/json, application/*+json]
2024-06-26 15:22:38.480 DEBUG 2736 --- [http-nio-8383-exec-2] o.s.w.s.m.m.a.HttpEntityMethodProcessor  : Writing [{timestamp=Wed Jun 26 15:22:38 KST 2024, status=404, error=Not Found, path=/favicon.ico}]
2024-06-26 15:22:38.528 DEBUG 2736 --- [http-nio-8383-exec-2] w.c.HttpSessionSecurityContextRepository : Did not store anonymous SecurityContext
2024-06-26 15:22:38.528 DEBUG 2736 --- [http-nio-8383-exec-2] o.s.web.servlet.DispatcherServlet        : Exiting from "ERROR" dispatch, status 404
2024-06-26 15:22:38.528 DEBUG 2736 --- [http-nio-8383-exec-2] w.c.HttpSessionSecurityContextRepository : Did not store anonymous SecurityContext
2024-06-26 15:22:38.528 DEBUG 2736 --- [http-nio-8383-exec-2] s.s.w.c.SecurityContextPersistenceFilter : Cleared SecurityContextHolder to complete request
2024-06-26 15:22:41.913 DEBUG 2736 --- [http-nio-8383-exec-4] o.s.security.web.FilterChainProxy        : Securing GET /
2024-06-26 15:22:41.914 DEBUG 2736 --- [http-nio-8383-exec-4] s.s.w.c.SecurityContextPersistenceFilter : Set SecurityContextHolder to empty SecurityContext
2024-06-26 15:22:41.914 DEBUG 2736 --- [http-nio-8383-exec-4] o.s.s.w.a.AnonymousAuthenticationFilter  : Set SecurityContextHolder to anonymous SecurityContext
2024-06-26 15:22:41.914 DEBUG 2736 --- [http-nio-8383-exec-4] o.s.s.w.a.i.FilterSecurityInterceptor    : Authorized filter invocation [GET /] with attributes [permitAll]
2024-06-26 15:22:41.914 DEBUG 2736 --- [http-nio-8383-exec-4] o.s.security.web.FilterChainProxy        : Secured GET /
2024-06-26 15:22:41.914 DEBUG 2736 --- [http-nio-8383-exec-4] o.s.web.servlet.DispatcherServlet        : GET "/", parameters={}
2024-06-26 15:22:41.915 DEBUG 2736 --- [http-nio-8383-exec-4] s.w.s.m.m.a.RequestMappingHandlerMapping : Mapped to com.workwave.controller.MainController#list()
2024-06-26 15:22:41.918 DEBUG 2736 --- [http-nio-8383-exec-4] o.s.w.s.v.ContentNegotiatingViewResolver : Selected 'text/html' given [text/html, application/xhtml+xml, image/avif, image/webp, image/apng, application/xml;q=0.9, application/signed-exchange;v=b3;q=0.7, */*;q=0.8]
2024-06-26 15:22:41.918 DEBUG 2736 --- [http-nio-8383-exec-4] o.s.web.servlet.view.JstlView            : View name 'index', model {}
2024-06-26 15:22:41.922 DEBUG 2736 --- [http-nio-8383-exec-4] o.s.web.servlet.view.JstlView            : Forwarding to [/WEB-INF/views/index.jsp]
2024-06-26 15:22:42.680 DEBUG 2736 --- [http-nio-8383-exec-4] w.c.HttpSessionSecurityContextRepository : Did not store anonymous SecurityContext
2024-06-26 15:22:42.680 DEBUG 2736 --- [http-nio-8383-exec-4] o.s.web.servlet.DispatcherServlet        : Completed 200 OK
2024-06-26 15:22:42.681 DEBUG 2736 --- [http-nio-8383-exec-4] w.c.HttpSessionSecurityContextRepository : Did not store anonymous SecurityContext
2024-06-26 15:22:42.681 DEBUG 2736 --- [http-nio-8383-exec-4] s.s.w.c.SecurityContextPersistenceFilter : Cleared SecurityContextHolder to complete request
2024-06-26 15:22:44.369 DEBUG 2736 --- [http-nio-8383-exec-5] o.s.security.web.FilterChainProxy        : Securing GET /lunchMateBoard
2024-06-26 15:22:44.369 DEBUG 2736 --- [http-nio-8383-exec-5] s.s.w.c.SecurityContextPersistenceFilter : Set SecurityContextHolder to empty SecurityContext
2024-06-26 15:22:44.369 DEBUG 2736 --- [http-nio-8383-exec-5] o.s.s.w.a.AnonymousAuthenticationFilter  : Set SecurityContextHolder to anonymous SecurityContext
2024-06-26 15:22:44.370 DEBUG 2736 --- [http-nio-8383-exec-5] o.s.s.w.a.i.FilterSecurityInterceptor    : Authorized filter invocation [GET /lunchMateBoard] with attributes [permitAll]
2024-06-26 15:22:44.370 DEBUG 2736 --- [http-nio-8383-exec-5] o.s.security.web.FilterChainProxy        : Secured GET /lunchMateBoard
2024-06-26 15:22:44.370 DEBUG 2736 --- [http-nio-8383-exec-5] o.s.web.servlet.DispatcherServlet        : GET "/lunchMateBoard", parameters={}
2024-06-26 15:22:44.370 DEBUG 2736 --- [http-nio-8383-exec-5] s.w.s.m.m.a.RequestMappingHandlerMapping : Mapped to com.workwave.controller.lunch.LunchMateBoardController#defaultPage()
2024-06-26 15:22:44.372 DEBUG 2736 --- [http-nio-8383-exec-5] o.s.web.servlet.view.RedirectView        : View name 'redirect:', model {}
2024-06-26 15:22:44.372 DEBUG 2736 --- [http-nio-8383-exec-5] w.c.HttpSessionSecurityContextRepository : Did not store anonymous SecurityContext
2024-06-26 15:22:44.373 DEBUG 2736 --- [http-nio-8383-exec-5] o.s.web.servlet.DispatcherServlet        : Completed 302 FOUND
2024-06-26 15:22:44.373 DEBUG 2736 --- [http-nio-8383-exec-5] w.c.HttpSessionSecurityContextRepository : Did not store anonymous SecurityContext
2024-06-26 15:22:44.373 DEBUG 2736 --- [http-nio-8383-exec-5] s.s.w.c.SecurityContextPersistenceFilter : Cleared SecurityContextHolder to complete request
2024-06-26 15:22:44.375 DEBUG 2736 --- [http-nio-8383-exec-7] o.s.security.web.FilterChainProxy        : Securing GET /lunchMateBoard/list
2024-06-26 15:22:44.375 DEBUG 2736 --- [http-nio-8383-exec-7] s.s.w.c.SecurityContextPersistenceFilter : Set SecurityContextHolder to empty SecurityContext
2024-06-26 15:22:44.375 DEBUG 2736 --- [http-nio-8383-exec-7] o.s.s.w.a.AnonymousAuthenticationFilter  : Set SecurityContextHolder to anonymous SecurityContext
2024-06-26 15:22:44.376 DEBUG 2736 --- [http-nio-8383-exec-7] o.s.s.w.a.i.FilterSecurityInterceptor    : Authorized filter invocation [GET /lunchMateBoard/list] with attributes [permitAll]
2024-06-26 15:22:44.376 DEBUG 2736 --- [http-nio-8383-exec-7] o.s.security.web.FilterChainProxy        : Secured GET /lunchMateBoard/list
2024-06-26 15:22:44.376 DEBUG 2736 --- [http-nio-8383-exec-7] o.s.web.servlet.DispatcherServlet        : GET "/lunchMateBoard/list", parameters={}
2024-06-26 15:22:44.376 DEBUG 2736 --- [http-nio-8383-exec-7] s.w.s.m.m.a.RequestMappingHandlerMapping : Mapped to com.workwave.controller.lunch.LunchMateBoardController#list(Model)
2024-06-26 15:22:44.396  INFO 2736 --- [http-nio-8383-exec-7] com.zaxxer.hikari.HikariDataSource       : HikariPool-1 - Starting...
2024-06-26 15:22:44.502  INFO 2736 --- [http-nio-8383-exec-7] com.zaxxer.hikari.HikariDataSource       : HikariPool-1 - Start completed.
2024-06-26 15:22:44.513  WARN 2736 --- [http-nio-8383-exec-7] o.m.jdbc.message.server.ErrorPacket      : Error: 1146-42S02: Table 'spring5.lunch_posts' doesn't exist
2024-06-26 15:22:44.570 DEBUG 2736 --- [http-nio-8383-exec-7] o.s.web.servlet.DispatcherServlet        : Failed to complete request: org.springframework.jdbc.BadSqlGrammarException: 
### Error querying database.  Cause: java.sql.SQLSyntaxErrorException: (conn=554) Table 'spring5.lunch_posts' doesn't exist
### The error may exist in mappers/LunchMateBoardMapper.xml
### The error may involve defaultParameterMap
### The error occurred while setting parameters
### SQL: SELECT * FROM lunch_posts
### Cause: java.sql.SQLSyntaxErrorException: (conn=554) Table 'spring5.lunch_posts' doesn't exist
; bad SQL grammar []; nested exception is java.sql.SQLSyntaxErrorException: (conn=554) Table 'spring5.lunch_posts' doesn't exist
2024-06-26 15:22:44.570 DEBUG 2736 --- [http-nio-8383-exec-7] w.c.HttpSessionSecurityContextRepository : Did not store anonymous SecurityContext
2024-06-26 15:22:44.570 DEBUG 2736 --- [http-nio-8383-exec-7] s.s.w.c.SecurityContextPersistenceFilter : Cleared SecurityContextHolder to complete request
2024-06-26 15:22:44.575 ERROR 2736 --- [http-nio-8383-exec-7] o.a.c.c.C.[.[.[/].[dispatcherServlet]    : Servlet.service() for servlet [dispatcherServlet] in context with path [] threw exception [Request processing failed; nested exception is org.springframework.jdbc.BadSqlGrammarException: 
### Error querying database.  Cause: java.sql.SQLSyntaxErrorException: (conn=554) Table 'spring5.lunch_posts' doesn't exist
### The error may exist in mappers/LunchMateBoardMapper.xml
### The error may involve defaultParameterMap
### The error occurred while setting parameters
### SQL: SELECT * FROM lunch_posts
### Cause: java.sql.SQLSyntaxErrorException: (conn=554) Table 'spring5.lunch_posts' doesn't exist
; bad SQL grammar []; nested exception is java.sql.SQLSyntaxErrorException: (conn=554) Table 'spring5.lunch_posts' doesn't exist] with root cause

java.sql.SQLSyntaxErrorException: (conn=554) Table 'spring5.lunch_posts' doesn't exist
	at org.mariadb.jdbc.export.ExceptionFactory.createException(ExceptionFactory.java:289) ~[mariadb-java-client-3.3.3.jar:na]
	at org.mariadb.jdbc.export.ExceptionFactory.create(ExceptionFactory.java:378) ~[mariadb-java-client-3.3.3.jar:na]
	at org.mariadb.jdbc.message.ClientMessage.readPacket(ClientMessage.java:172) ~[mariadb-java-client-3.3.3.jar:na]
	at org.mariadb.jdbc.client.impl.StandardClient.readPacket(StandardClient.java:915) ~[mariadb-java-client-3.3.3.jar:na]
	at org.mariadb.jdbc.client.impl.StandardClient.readResults(StandardClient.java:854) ~[mariadb-java-client-3.3.3.jar:na]
	at org.mariadb.jdbc.client.impl.StandardClient.readResponse(StandardClient.java:773) ~[mariadb-java-client-3.3.3.jar:na]
	at org.mariadb.jdbc.client.impl.StandardClient.execute(StandardClient.java:697) ~[mariadb-java-client-3.3.3.jar:na]
	at org.mariadb.jdbc.ClientPreparedStatement.executeInternal(ClientPreparedStatement.java:93) ~[mariadb-java-client-3.3.3.jar:na]
	at org.mariadb.jdbc.ClientPreparedStatement.execute(ClientPreparedStatement.java:276) ~[mariadb-java-client-3.3.3.jar:na]
	at com.zaxxer.hikari.pool.ProxyPreparedStatement.execute(ProxyPreparedStatement.java:44) ~[HikariCP-4.0.3.jar:na]
	at com.zaxxer.hikari.pool.HikariProxyPreparedStatement.execute(HikariProxyPreparedStatement.java) ~[HikariCP-4.0.3.jar:na]
	at org.apache.ibatis.executor.statement.PreparedStatementHandler.query(PreparedStatementHandler.java:64) ~[mybatis-3.5.9.jar:3.5.9]
	at org.apache.ibatis.executor.statement.RoutingStatementHandler.query(RoutingStatementHandler.java:79) ~[mybatis-3.5.9.jar:3.5.9]
	at org.apache.ibatis.executor.SimpleExecutor.doQuery(SimpleExecutor.java:63) ~[mybatis-3.5.9.jar:3.5.9]
	at org.apache.ibatis.executor.BaseExecutor.queryFromDatabase(BaseExecutor.java:325) ~[mybatis-3.5.9.jar:3.5.9]
	at org.apache.ibatis.executor.BaseExecutor.query(BaseExecutor.java:156) ~[mybatis-3.5.9.jar:3.5.9]
	at org.apache.ibatis.executor.CachingExecutor.query(CachingExecutor.java:109) ~[mybatis-3.5.9.jar:3.5.9]
	at org.apache.ibatis.executor.CachingExecutor.query(CachingExecutor.java:89) ~[mybatis-3.5.9.jar:3.5.9]
	at org.apache.ibatis.session.defaults.DefaultSqlSession.selectList(DefaultSqlSession.java:151) ~[mybatis-3.5.9.jar:3.5.9]
	at org.apache.ibatis.session.defaults.DefaultSqlSession.selectList(DefaultSqlSession.java:145) ~[mybatis-3.5.9.jar:3.5.9]
	at org.apache.ibatis.session.defaults.DefaultSqlSession.selectList(DefaultSqlSession.java:140) ~[mybatis-3.5.9.jar:3.5.9]
	at java.base/jdk.internal.reflect.NativeMethodAccessorImpl.invoke0(Native Method) ~[na:na]
	at java.base/jdk.internal.reflect.NativeMethodAccessorImpl.invoke(NativeMethodAccessorImpl.java:62) ~[na:na]
	at java.base/jdk.internal.reflect.DelegatingMethodAccessorImpl.invoke(DelegatingMethodAccessorImpl.java:43) ~[na:na]
	at java.base/java.lang.reflect.Method.invoke(Method.java:566) ~[na:na]
	at org.mybatis.spring.SqlSessionTemplate$SqlSessionInterceptor.invoke(SqlSessionTemplate.java:427) ~[mybatis-spring-2.0.7.jar:2.0.7]
	at com.sun.proxy.$Proxy64.selectList(Unknown Source) ~[na:na]
	at org.mybatis.spring.SqlSessionTemplate.selectList(SqlSessionTemplate.java:224) ~[mybatis-spring-2.0.7.jar:2.0.7]
	at org.apache.ibatis.binding.MapperMethod.executeForMany(MapperMethod.java:147) ~[mybatis-3.5.9.jar:3.5.9]
	at org.apache.ibatis.binding.MapperMethod.execute(MapperMethod.java:80) ~[mybatis-3.5.9.jar:3.5.9]
	at org.apache.ibatis.binding.MapperProxy$PlainMethodInvoker.invoke(MapperProxy.java:145) ~[mybatis-3.5.9.jar:3.5.9]
	at org.apache.ibatis.binding.MapperProxy.invoke(MapperProxy.java:86) ~[mybatis-3.5.9.jar:3.5.9]
	at com.sun.proxy.$Proxy68.findAll(Unknown Source) ~[na:na]
	at com.workwave.service.lunchService.LunchMateBoardService.findAll(LunchMateBoardService.java:22) ~[classes/:na]
	at com.workwave.controller.lunch.LunchMateBoardController.list(LunchMateBoardController.java:38) ~[classes/:na]
	at java.base/jdk.internal.reflect.NativeMethodAccessorImpl.invoke0(Native Method) ~[na:na]
	at java.base/jdk.internal.reflect.NativeMethodAccessorImpl.invoke(NativeMethodAccessorImpl.java:62) ~[na:na]
	at java.base/jdk.internal.reflect.DelegatingMethodAccessorImpl.invoke(DelegatingMethodAccessorImpl.java:43) ~[na:na]
	at java.base/java.lang.reflect.Method.invoke(Method.java:566) ~[na:na]
	at org.springframework.web.method.support.InvocableHandlerMethod.doInvoke(InvocableHandlerMethod.java:205) ~[spring-web-5.3.26.jar:5.3.26]
	at org.springframework.web.method.support.InvocableHandlerMethod.invokeForRequest(InvocableHandlerMethod.java:150) ~[spring-web-5.3.26.jar:5.3.26]
	at org.springframework.web.servlet.mvc.method.annotation.ServletInvocableHandlerMethod.invokeAndHandle(ServletInvocableHandlerMethod.java:117) ~[spring-webmvc-5.3.26.jar:5.3.26]
	at org.springframework.web.servlet.mvc.method.annotation.RequestMappingHandlerAdapter.invokeHandlerMethod(RequestMappingHandlerAdapter.java:895) ~[spring-webmvc-5.3.26.jar:5.3.26]
	at org.springframework.web.servlet.mvc.method.annotation.RequestMappingHandlerAdapter.handleInternal(RequestMappingHandlerAdapter.java:808) ~[spring-webmvc-5.3.26.jar:5.3.26]
	at org.springframework.web.servlet.mvc.method.AbstractHandlerMethodAdapter.handle(AbstractHandlerMethodAdapter.java:87) ~[spring-webmvc-5.3.26.jar:5.3.26]
	at org.springframework.web.servlet.DispatcherServlet.doDispatch(DispatcherServlet.java:1072) ~[spring-webmvc-5.3.26.jar:5.3.26]
	at org.springframework.web.servlet.DispatcherServlet.doService(DispatcherServlet.java:965) ~[spring-webmvc-5.3.26.jar:5.3.26]
	at org.springframework.web.servlet.FrameworkServlet.processRequest(FrameworkServlet.java:1006) ~[spring-webmvc-5.3.26.jar:5.3.26]
	at org.springframework.web.servlet.FrameworkServlet.doGet(FrameworkServlet.java:898) ~[spring-webmvc-5.3.26.jar:5.3.26]
	at javax.servlet.http.HttpServlet.service(HttpServlet.java:502) ~[tomcat-embed-core-9.0.73.jar:4.0.FR]
	at org.springframework.web.servlet.FrameworkServlet.service(FrameworkServlet.java:883) ~[spring-webmvc-5.3.26.jar:5.3.26]
	at javax.servlet.http.HttpServlet.service(HttpServlet.java:596) ~[tomcat-embed-core-9.0.73.jar:4.0.FR]
	at org.apache.catalina.core.ApplicationFilterChain.internalDoFilter(ApplicationFilterChain.java:209) ~[tomcat-embed-core-9.0.73.jar:9.0.73]
	at org.apache.catalina.core.ApplicationFilterChain.doFilter(ApplicationFilterChain.java:153) ~[tomcat-embed-core-9.0.73.jar:9.0.73]
	at org.apache.tomcat.websocket.server.WsFilter.doFilter(WsFilter.java:53) ~[tomcat-embed-websocket-9.0.73.jar:9.0.73]
	at org.apache.catalina.core.ApplicationFilterChain.internalDoFilter(ApplicationFilterChain.java:178) ~[tomcat-embed-core-9.0.73.jar:9.0.73]
	at org.apache.catalina.core.ApplicationFilterChain.doFilter(ApplicationFilterChain.java:153) ~[tomcat-embed-core-9.0.73.jar:9.0.73]
	at org.springframework.security.web.FilterChainProxy$VirtualFilterChain.doFilter(FilterChainProxy.java:337) ~[spring-security-web-5.7.7.jar:5.7.7]
	at org.springframework.security.web.access.intercept.FilterSecurityInterceptor.invoke(FilterSecurityInterceptor.java:115) ~[spring-security-web-5.7.7.jar:5.7.7]
	at org.springframework.security.web.access.intercept.FilterSecurityInterceptor.doFilter(FilterSecurityInterceptor.java:81) ~[spring-security-web-5.7.7.jar:5.7.7]
	at org.springframework.security.web.FilterChainProxy$VirtualFilterChain.doFilter(FilterChainProxy.java:346) ~[spring-security-web-5.7.7.jar:5.7.7]
	at org.springframework.security.web.access.ExceptionTranslationFilter.doFilter(ExceptionTranslationFilter.java:122) ~[spring-security-web-5.7.7.jar:5.7.7]
	at org.springframework.security.web.access.ExceptionTranslationFilter.doFilter(ExceptionTranslationFilter.java:116) ~[spring-security-web-5.7.7.jar:5.7.7]
	at org.springframework.security.web.FilterChainProxy$VirtualFilterChain.doFilter(FilterChainProxy.java:346) ~[spring-security-web-5.7.7.jar:5.7.7]
	at org.springframework.security.web.session.SessionManagementFilter.doFilter(SessionManagementFilter.java:126) ~[spring-security-web-5.7.7.jar:5.7.7]
	at org.springframework.security.web.session.SessionManagementFilter.doFilter(SessionManagementFilter.java:81) ~[spring-security-web-5.7.7.jar:5.7.7]
	at org.springframework.security.web.FilterChainProxy$VirtualFilterChain.doFilter(FilterChainProxy.java:346) ~[spring-security-web-5.7.7.jar:5.7.7]
	at org.springframework.security.web.authentication.AnonymousAuthenticationFilter.doFilter(AnonymousAuthenticationFilter.java:109) ~[spring-security-web-5.7.7.jar:5.7.7]
	at org.springframework.security.web.FilterChainProxy$VirtualFilterChain.doFilter(FilterChainProxy.java:346) ~[spring-security-web-5.7.7.jar:5.7.7]
	at org.springframework.security.web.servletapi.SecurityContextHolderAwareRequestFilter.doFilter(SecurityContextHolderAwareRequestFilter.java:149) ~[spring-security-web-5.7.7.jar:5.7.7]
	at org.springframework.security.web.FilterChainProxy$VirtualFilterChain.doFilter(FilterChainProxy.java:346) ~[spring-security-web-5.7.7.jar:5.7.7]
	at org.springframework.security.web.savedrequest.RequestCacheAwareFilter.doFilter(RequestCacheAwareFilter.java:63) ~[spring-security-web-5.7.7.jar:5.7.7]
	at org.springframework.security.web.FilterChainProxy$VirtualFilterChain.doFilter(FilterChainProxy.java:346) ~[spring-security-web-5.7.7.jar:5.7.7]
	at org.springframework.security.web.authentication.logout.LogoutFilter.doFilter(LogoutFilter.java:103) ~[spring-security-web-5.7.7.jar:5.7.7]
	at org.springframework.security.web.authentication.logout.LogoutFilter.doFilter(LogoutFilter.java:89) ~[spring-security-web-5.7.7.jar:5.7.7]
	at org.springframework.security.web.FilterChainProxy$VirtualFilterChain.doFilter(FilterChainProxy.java:346) ~[spring-security-web-5.7.7.jar:5.7.7]
	at org.springframework.security.web.header.HeaderWriterFilter.doHeadersAfter(HeaderWriterFilter.java:90) ~[spring-security-web-5.7.7.jar:5.7.7]
	at org.springframework.security.web.header.HeaderWriterFilter.doFilterInternal(HeaderWriterFilter.java:75) ~[spring-security-web-5.7.7.jar:5.7.7]
	at org.springframework.web.filter.OncePerRequestFilter.doFilter(OncePerRequestFilter.java:117) ~[spring-web-5.3.26.jar:5.3.26]
	at org.springframework.security.web.FilterChainProxy$VirtualFilterChain.doFilter(FilterChainProxy.java:346) ~[spring-security-web-5.7.7.jar:5.7.7]
	at org.springframework.security.web.context.SecurityContextPersistenceFilter.doFilter(SecurityContextPersistenceFilter.java:112) ~[spring-security-web-5.7.7.jar:5.7.7]
	at org.springframework.security.web.context.SecurityContextPersistenceFilter.doFilter(SecurityContextPersistenceFilter.java:82) ~[spring-security-web-5.7.7.jar:5.7.7]
	at org.springframework.security.web.FilterChainProxy$VirtualFilterChain.doFilter(FilterChainProxy.java:346) ~[spring-security-web-5.7.7.jar:5.7.7]
	at org.springframework.security.web.context.request.async.WebAsyncManagerIntegrationFilter.doFilterInternal(WebAsyncManagerIntegrationFilter.java:55) ~[spring-security-web-5.7.7.jar:5.7.7]
	at org.springframework.web.filter.OncePerRequestFilter.doFilter(OncePerRequestFilter.java:117) ~[spring-web-5.3.26.jar:5.3.26]
	at org.springframework.security.web.FilterChainProxy$VirtualFilterChain.doFilter(FilterChainProxy.java:346) ~[spring-security-web-5.7.7.jar:5.7.7]
	at org.springframework.security.web.session.DisableEncodeUrlFilter.doFilterInternal(DisableEncodeUrlFilter.java:42) ~[spring-security-web-5.7.7.jar:5.7.7]
	at org.springframework.web.filter.OncePerRequestFilter.doFilter(OncePerRequestFilter.java:117) ~[spring-web-5.3.26.jar:5.3.26]
	at org.springframework.security.web.FilterChainProxy$VirtualFilterChain.doFilter(FilterChainProxy.java:346) ~[spring-security-web-5.7.7.jar:5.7.7]
	at org.springframework.security.web.FilterChainProxy.doFilterInternal(FilterChainProxy.java:221) ~[spring-security-web-5.7.7.jar:5.7.7]
	at org.springframework.security.web.FilterChainProxy.doFilter(FilterChainProxy.java:186) ~[spring-security-web-5.7.7.jar:5.7.7]
	at org.springframework.web.filter.DelegatingFilterProxy.invokeDelegate(DelegatingFilterProxy.java:354) ~[spring-web-5.3.26.jar:5.3.26]
	at org.springframework.web.filter.DelegatingFilterProxy.doFilter(DelegatingFilterProxy.java:267) ~[spring-web-5.3.26.jar:5.3.26]
	at org.apache.catalina.core.ApplicationFilterChain.internalDoFilter(ApplicationFilterChain.java:178) ~[tomcat-embed-core-9.0.73.jar:9.0.73]
	at org.apache.catalina.core.ApplicationFilterChain.doFilter(ApplicationFilterChain.java:153) ~[tomcat-embed-core-9.0.73.jar:9.0.73]
	at org.springframework.web.filter.RequestContextFilter.doFilterInternal(RequestContextFilter.java:100) ~[spring-web-5.3.26.jar:5.3.26]
	at org.springframework.web.filter.OncePerRequestFilter.doFilter(OncePerRequestFilter.java:117) ~[spring-web-5.3.26.jar:5.3.26]
	at org.apache.catalina.core.ApplicationFilterChain.internalDoFilter(ApplicationFilterChain.java:178) ~[tomcat-embed-core-9.0.73.jar:9.0.73]
	at org.apache.catalina.core.ApplicationFilterChain.doFilter(ApplicationFilterChain.java:153) ~[tomcat-embed-core-9.0.73.jar:9.0.73]
	at org.springframework.web.filter.FormContentFilter.doFilterInternal(FormContentFilter.java:93) ~[spring-web-5.3.26.jar:5.3.26]
	at org.springframework.web.filter.OncePerRequestFilter.doFilter(OncePerRequestFilter.java:117) ~[spring-web-5.3.26.jar:5.3.26]
	at org.apache.catalina.core.ApplicationFilterChain.internalDoFilter(ApplicationFilterChain.java:178) ~[tomcat-embed-core-9.0.73.jar:9.0.73]
	at org.apache.catalina.core.ApplicationFilterChain.doFilter(ApplicationFilterChain.java:153) ~[tomcat-embed-core-9.0.73.jar:9.0.73]
	at org.springframework.web.filter.CharacterEncodingFilter.doFilterInternal(CharacterEncodingFilter.java:201) ~[spring-web-5.3.26.jar:5.3.26]
	at org.springframework.web.filter.OncePerRequestFilter.doFilter(OncePerRequestFilter.java:117) ~[spring-web-5.3.26.jar:5.3.26]
	at org.apache.catalina.core.ApplicationFilterChain.internalDoFilter(ApplicationFilterChain.java:178) ~[tomcat-embed-core-9.0.73.jar:9.0.73]
	at org.apache.catalina.core.ApplicationFilterChain.doFilter(ApplicationFilterChain.java:153) ~[tomcat-embed-core-9.0.73.jar:9.0.73]
	at org.apache.catalina.core.StandardWrapperValve.invoke(StandardWrapperValve.java:167) ~[tomcat-embed-core-9.0.73.jar:9.0.73]
	at org.apache.catalina.core.StandardContextValve.invoke(StandardContextValve.java:90) ~[tomcat-embed-core-9.0.73.jar:9.0.73]
	at org.apache.catalina.authenticator.AuthenticatorBase.invoke(AuthenticatorBase.java:492) ~[tomcat-embed-core-9.0.73.jar:9.0.73]
	at org.apache.catalina.core.StandardHostValve.invoke(StandardHostValve.java:130) ~[tomcat-embed-core-9.0.73.jar:9.0.73]
	at org.apache.catalina.valves.ErrorReportValve.invoke(ErrorReportValve.java:93) ~[tomcat-embed-core-9.0.73.jar:9.0.73]
	at org.apache.catalina.core.StandardEngineValve.invoke(StandardEngineValve.java:74) ~[tomcat-embed-core-9.0.73.jar:9.0.73]
	at org.apache.catalina.connector.CoyoteAdapter.service(CoyoteAdapter.java:343) ~[tomcat-embed-core-9.0.73.jar:9.0.73]
	at org.apache.coyote.http11.Http11Processor.service(Http11Processor.java:389) ~[tomcat-embed-core-9.0.73.jar:9.0.73]
	at org.apache.coyote.AbstractProcessorLight.process(AbstractProcessorLight.java:63) ~[tomcat-embed-core-9.0.73.jar:9.0.73]
	at org.apache.coyote.AbstractProtocol$ConnectionHandler.process(AbstractProtocol.java:926) ~[tomcat-embed-core-9.0.73.jar:9.0.73]
	at org.apache.tomcat.util.net.NioEndpoint$SocketProcessor.doRun(NioEndpoint.java:1791) ~[tomcat-embed-core-9.0.73.jar:9.0.73]
	at org.apache.tomcat.util.net.SocketProcessorBase.run(SocketProcessorBase.java:49) ~[tomcat-embed-core-9.0.73.jar:9.0.73]
	at org.apache.tomcat.util.threads.ThreadPoolExecutor.runWorker(ThreadPoolExecutor.java:1191) ~[tomcat-embed-core-9.0.73.jar:9.0.73]
	at org.apache.tomcat.util.threads.ThreadPoolExecutor$Worker.run(ThreadPoolExecutor.java:659) ~[tomcat-embed-core-9.0.73.jar:9.0.73]
	at org.apache.tomcat.util.threads.TaskThread$WrappingRunnable.run(TaskThread.java:61) ~[tomcat-embed-core-9.0.73.jar:9.0.73]
	at java.base/java.lang.Thread.run(Thread.java:829) ~[na:na]

2024-06-26 15:22:44.576 DEBUG 2736 --- [http-nio-8383-exec-7] o.s.security.web.FilterChainProxy        : Securing GET /error
2024-06-26 15:22:44.577 DEBUG 2736 --- [http-nio-8383-exec-7] s.s.w.c.SecurityContextPersistenceFilter : Set SecurityContextHolder to empty SecurityContext
2024-06-26 15:22:44.577 DEBUG 2736 --- [http-nio-8383-exec-7] o.s.s.w.a.AnonymousAuthenticationFilter  : Set SecurityContextHolder to anonymous SecurityContext
2024-06-26 15:22:44.577 DEBUG 2736 --- [http-nio-8383-exec-7] o.s.security.web.FilterChainProxy        : Secured GET /error
2024-06-26 15:22:44.577 DEBUG 2736 --- [http-nio-8383-exec-7] o.s.web.servlet.DispatcherServlet        : "ERROR" dispatch for GET "/error", parameters={}
2024-06-26 15:22:44.577 DEBUG 2736 --- [http-nio-8383-exec-7] s.w.s.m.m.a.RequestMappingHandlerMapping : Mapped to org.springframework.boot.autoconfigure.web.servlet.error.BasicErrorController#errorHtml(HttpServletRequest, HttpServletResponse)
2024-06-26 15:22:44.583 DEBUG 2736 --- [http-nio-8383-exec-7] o.s.w.s.v.ContentNegotiatingViewResolver : Selected 'text/html' given [text/html, text/html;q=0.8]
2024-06-26 15:22:44.583 DEBUG 2736 --- [http-nio-8383-exec-7] o.s.web.servlet.DispatcherServlet        : Exiting from "ERROR" dispatch, status 500
2024-06-26 15:22:44.583 DEBUG 2736 --- [http-nio-8383-exec-7] w.c.HttpSessionSecurityContextRepository : Did not store anonymous SecurityContext
2024-06-26 15:22:44.583 DEBUG 2736 --- [http-nio-8383-exec-7] s.s.w.c.SecurityContextPersistenceFilter : Cleared SecurityContextHolder to complete request
2024-06-26 15:22:45.831 DEBUG 2736 --- [http-nio-8383-exec-6] o.s.security.web.FilterChainProxy        : Securing GET /
2024-06-26 15:22:45.831 DEBUG 2736 --- [http-nio-8383-exec-6] s.s.w.c.SecurityContextPersistenceFilter : Set SecurityContextHolder to empty SecurityContext
2024-06-26 15:22:45.831 DEBUG 2736 --- [http-nio-8383-exec-6] o.s.s.w.a.AnonymousAuthenticationFilter  : Set SecurityContextHolder to anonymous SecurityContext
2024-06-26 15:22:45.831 DEBUG 2736 --- [http-nio-8383-exec-6] o.s.s.w.a.i.FilterSecurityInterceptor    : Authorized filter invocation [GET /] with attributes [permitAll]
2024-06-26 15:22:45.831 DEBUG 2736 --- [http-nio-8383-exec-6] o.s.security.web.FilterChainProxy        : Secured GET /
2024-06-26 15:22:45.831 DEBUG 2736 --- [http-nio-8383-exec-6] o.s.web.servlet.DispatcherServlet        : GET "/", parameters={}
2024-06-26 15:22:45.832 DEBUG 2736 --- [http-nio-8383-exec-6] s.w.s.m.m.a.RequestMappingHandlerMapping : Mapped to com.workwave.controller.MainController#list()
2024-06-26 15:22:45.832 DEBUG 2736 --- [http-nio-8383-exec-6] o.s.w.s.v.ContentNegotiatingViewResolver : Selected 'text/html' given [text/html, application/xhtml+xml, image/avif, image/webp, image/apng, application/xml;q=0.9, application/signed-exchange;v=b3;q=0.7, */*;q=0.8]
2024-06-26 15:22:45.832 DEBUG 2736 --- [http-nio-8383-exec-6] o.s.web.servlet.view.JstlView            : View name 'index', model {}
2024-06-26 15:22:45.833 DEBUG 2736 --- [http-nio-8383-exec-6] o.s.web.servlet.view.JstlView            : Forwarding to [/WEB-INF/views/index.jsp]
2024-06-26 15:22:45.833 DEBUG 2736 --- [http-nio-8383-exec-6] w.c.HttpSessionSecurityContextRepository : Did not store anonymous SecurityContext
2024-06-26 15:22:45.833 DEBUG 2736 --- [http-nio-8383-exec-6] o.s.web.servlet.DispatcherServlet        : Completed 200 OK
2024-06-26 15:22:45.833 DEBUG 2736 --- [http-nio-8383-exec-6] w.c.HttpSessionSecurityContextRepository : Did not store anonymous SecurityContext
2024-06-26 15:22:45.834 DEBUG 2736 --- [http-nio-8383-exec-6] s.s.w.c.SecurityContextPersistenceFilter : Cleared SecurityContextHolder to complete request
2024-06-26 15:22:50.591 DEBUG 2736 --- [http-nio-8383-exec-8] o.s.security.web.FilterChainProxy        : Securing GET /lunchMateBoard
2024-06-26 15:22:50.592 DEBUG 2736 --- [http-nio-8383-exec-8] s.s.w.c.SecurityContextPersistenceFilter : Set SecurityContextHolder to empty SecurityContext
2024-06-26 15:22:50.592 DEBUG 2736 --- [http-nio-8383-exec-8] o.s.s.w.a.AnonymousAuthenticationFilter  : Set SecurityContextHolder to anonymous SecurityContext
2024-06-26 15:22:50.592 DEBUG 2736 --- [http-nio-8383-exec-8] o.s.s.w.a.i.FilterSecurityInterceptor    : Authorized filter invocation [GET /lunchMateBoard] with attributes [permitAll]
2024-06-26 15:22:50.592 DEBUG 2736 --- [http-nio-8383-exec-8] o.s.security.web.FilterChainProxy        : Secured GET /lunchMateBoard
2024-06-26 15:22:50.592 DEBUG 2736 --- [http-nio-8383-exec-8] o.s.web.servlet.DispatcherServlet        : GET "/lunchMateBoard", parameters={}
2024-06-26 15:22:50.592 DEBUG 2736 --- [http-nio-8383-exec-8] s.w.s.m.m.a.RequestMappingHandlerMapping : Mapped to com.workwave.controller.lunch.LunchMateBoardController#defaultPage()
2024-06-26 15:22:50.593 DEBUG 2736 --- [http-nio-8383-exec-8] o.s.web.servlet.view.RedirectView        : View name 'redirect:', model {}
2024-06-26 15:22:50.593 DEBUG 2736 --- [http-nio-8383-exec-8] w.c.HttpSessionSecurityContextRepository : Did not store anonymous SecurityContext
2024-06-26 15:22:50.593 DEBUG 2736 --- [http-nio-8383-exec-8] o.s.web.servlet.DispatcherServlet        : Completed 302 FOUND
2024-06-26 15:22:50.594 DEBUG 2736 --- [http-nio-8383-exec-8] w.c.HttpSessionSecurityContextRepository : Did not store anonymous SecurityContext
2024-06-26 15:22:50.594 DEBUG 2736 --- [http-nio-8383-exec-8] s.s.w.c.SecurityContextPersistenceFilter : Cleared SecurityContextHolder to complete request
2024-06-26 15:22:50.596 DEBUG 2736 --- [http-nio-8383-exec-9] o.s.security.web.FilterChainProxy        : Securing GET /lunchMateBoard/list
2024-06-26 15:22:50.597 DEBUG 2736 --- [http-nio-8383-exec-9] s.s.w.c.SecurityContextPersistenceFilter : Set SecurityContextHolder to empty SecurityContext
2024-06-26 15:22:50.597 DEBUG 2736 --- [http-nio-8383-exec-9] o.s.s.w.a.AnonymousAuthenticationFilter  : Set SecurityContextHolder to anonymous SecurityContext
2024-06-26 15:22:50.597 DEBUG 2736 --- [http-nio-8383-exec-9] o.s.s.w.a.i.FilterSecurityInterceptor    : Authorized filter invocation [GET /lunchMateBoard/list] with attributes [permitAll]
2024-06-26 15:22:50.597 DEBUG 2736 --- [http-nio-8383-exec-9] o.s.security.web.FilterChainProxy        : Secured GET /lunchMateBoard/list
2024-06-26 15:22:50.597 DEBUG 2736 --- [http-nio-8383-exec-9] o.s.web.servlet.DispatcherServlet        : GET "/lunchMateBoard/list", parameters={}
2024-06-26 15:22:50.598 DEBUG 2736 --- [http-nio-8383-exec-9] s.w.s.m.m.a.RequestMappingHandlerMapping : Mapped to com.workwave.controller.lunch.LunchMateBoardController#list(Model)
2024-06-26 15:22:50.599  WARN 2736 --- [http-nio-8383-exec-9] o.m.jdbc.message.server.ErrorPacket      : Error: 1146-42S02: Table 'spring5.lunch_posts' doesn't exist
2024-06-26 15:22:50.600 DEBUG 2736 --- [http-nio-8383-exec-9] o.s.web.servlet.DispatcherServlet        : Failed to complete request: org.springframework.jdbc.BadSqlGrammarException: 
### Error querying database.  Cause: java.sql.SQLSyntaxErrorException: (conn=554) Table 'spring5.lunch_posts' doesn't exist
### The error may exist in mappers/LunchMateBoardMapper.xml
### The error may involve defaultParameterMap
### The error occurred while setting parameters
### SQL: SELECT * FROM lunch_posts
### Cause: java.sql.SQLSyntaxErrorException: (conn=554) Table 'spring5.lunch_posts' doesn't exist
; bad SQL grammar []; nested exception is java.sql.SQLSyntaxErrorException: (conn=554) Table 'spring5.lunch_posts' doesn't exist
2024-06-26 15:22:50.600 DEBUG 2736 --- [http-nio-8383-exec-9] w.c.HttpSessionSecurityContextRepository : Did not store anonymous SecurityContext
2024-06-26 15:22:50.600 DEBUG 2736 --- [http-nio-8383-exec-9] s.s.w.c.SecurityContextPersistenceFilter : Cleared SecurityContextHolder to complete request
2024-06-26 15:22:50.601 ERROR 2736 --- [http-nio-8383-exec-9] o.a.c.c.C.[.[.[/].[dispatcherServlet]    : Servlet.service() for servlet [dispatcherServlet] in context with path [] threw exception [Request processing failed; nested exception is org.springframework.jdbc.BadSqlGrammarException: 
### Error querying database.  Cause: java.sql.SQLSyntaxErrorException: (conn=554) Table 'spring5.lunch_posts' doesn't exist
### The error may exist in mappers/LunchMateBoardMapper.xml
### The error may involve defaultParameterMap
### The error occurred while setting parameters
### SQL: SELECT * FROM lunch_posts
### Cause: java.sql.SQLSyntaxErrorException: (conn=554) Table 'spring5.lunch_posts' doesn't exist
; bad SQL grammar []; nested exception is java.sql.SQLSyntaxErrorException: (conn=554) Table 'spring5.lunch_posts' doesn't exist] with root cause

java.sql.SQLSyntaxErrorException: (conn=554) Table 'spring5.lunch_posts' doesn't exist
	at org.mariadb.jdbc.export.ExceptionFactory.createException(ExceptionFactory.java:289) ~[mariadb-java-client-3.3.3.jar:na]
	at org.mariadb.jdbc.export.ExceptionFactory.create(ExceptionFactory.java:378) ~[mariadb-java-client-3.3.3.jar:na]
	at org.mariadb.jdbc.message.ClientMessage.readPacket(ClientMessage.java:172) ~[mariadb-java-client-3.3.3.jar:na]
	at org.mariadb.jdbc.client.impl.StandardClient.readPacket(StandardClient.java:915) ~[mariadb-java-client-3.3.3.jar:na]
	at org.mariadb.jdbc.client.impl.StandardClient.readResults(StandardClient.java:854) ~[mariadb-java-client-3.3.3.jar:na]
	at org.mariadb.jdbc.client.impl.StandardClient.readResponse(StandardClient.java:773) ~[mariadb-java-client-3.3.3.jar:na]
	at org.mariadb.jdbc.client.impl.StandardClient.execute(StandardClient.java:697) ~[mariadb-java-client-3.3.3.jar:na]
	at org.mariadb.jdbc.ClientPreparedStatement.executeInternal(ClientPreparedStatement.java:93) ~[mariadb-java-client-3.3.3.jar:na]
	at org.mariadb.jdbc.ClientPreparedStatement.execute(ClientPreparedStatement.java:276) ~[mariadb-java-client-3.3.3.jar:na]
	at com.zaxxer.hikari.pool.ProxyPreparedStatement.execute(ProxyPreparedStatement.java:44) ~[HikariCP-4.0.3.jar:na]
	at com.zaxxer.hikari.pool.HikariProxyPreparedStatement.execute(HikariProxyPreparedStatement.java) ~[HikariCP-4.0.3.jar:na]
	at org.apache.ibatis.executor.statement.PreparedStatementHandler.query(PreparedStatementHandler.java:64) ~[mybatis-3.5.9.jar:3.5.9]
	at org.apache.ibatis.executor.statement.RoutingStatementHandler.query(RoutingStatementHandler.java:79) ~[mybatis-3.5.9.jar:3.5.9]
	at org.apache.ibatis.executor.SimpleExecutor.doQuery(SimpleExecutor.java:63) ~[mybatis-3.5.9.jar:3.5.9]
	at org.apache.ibatis.executor.BaseExecutor.queryFromDatabase(BaseExecutor.java:325) ~[mybatis-3.5.9.jar:3.5.9]
	at org.apache.ibatis.executor.BaseExecutor.query(BaseExecutor.java:156) ~[mybatis-3.5.9.jar:3.5.9]
	at org.apache.ibatis.executor.CachingExecutor.query(CachingExecutor.java:109) ~[mybatis-3.5.9.jar:3.5.9]
	at org.apache.ibatis.executor.CachingExecutor.query(CachingExecutor.java:89) ~[mybatis-3.5.9.jar:3.5.9]
	at org.apache.ibatis.session.defaults.DefaultSqlSession.selectList(DefaultSqlSession.java:151) ~[mybatis-3.5.9.jar:3.5.9]
	at org.apache.ibatis.session.defaults.DefaultSqlSession.selectList(DefaultSqlSession.java:145) ~[mybatis-3.5.9.jar:3.5.9]
	at org.apache.ibatis.session.defaults.DefaultSqlSession.selectList(DefaultSqlSession.java:140) ~[mybatis-3.5.9.jar:3.5.9]
	at java.base/jdk.internal.reflect.NativeMethodAccessorImpl.invoke0(Native Method) ~[na:na]
	at java.base/jdk.internal.reflect.NativeMethodAccessorImpl.invoke(NativeMethodAccessorImpl.java:62) ~[na:na]
	at java.base/jdk.internal.reflect.DelegatingMethodAccessorImpl.invoke(DelegatingMethodAccessorImpl.java:43) ~[na:na]
	at java.base/java.lang.reflect.Method.invoke(Method.java:566) ~[na:na]
	at org.mybatis.spring.SqlSessionTemplate$SqlSessionInterceptor.invoke(SqlSessionTemplate.java:427) ~[mybatis-spring-2.0.7.jar:2.0.7]
	at com.sun.proxy.$Proxy64.selectList(Unknown Source) ~[na:na]
	at org.mybatis.spring.SqlSessionTemplate.selectList(SqlSessionTemplate.java:224) ~[mybatis-spring-2.0.7.jar:2.0.7]
	at org.apache.ibatis.binding.MapperMethod.executeForMany(MapperMethod.java:147) ~[mybatis-3.5.9.jar:3.5.9]
	at org.apache.ibatis.binding.MapperMethod.execute(MapperMethod.java:80) ~[mybatis-3.5.9.jar:3.5.9]
	at org.apache.ibatis.binding.MapperProxy$PlainMethodInvoker.invoke(MapperProxy.java:145) ~[mybatis-3.5.9.jar:3.5.9]
	at org.apache.ibatis.binding.MapperProxy.invoke(MapperProxy.java:86) ~[mybatis-3.5.9.jar:3.5.9]
	at com.sun.proxy.$Proxy68.findAll(Unknown Source) ~[na:na]
	at com.workwave.service.lunchService.LunchMateBoardService.findAll(LunchMateBoardService.java:22) ~[classes/:na]
	at com.workwave.controller.lunch.LunchMateBoardController.list(LunchMateBoardController.java:38) ~[classes/:na]
	at java.base/jdk.internal.reflect.NativeMethodAccessorImpl.invoke0(Native Method) ~[na:na]
	at java.base/jdk.internal.reflect.NativeMethodAccessorImpl.invoke(NativeMethodAccessorImpl.java:62) ~[na:na]
	at java.base/jdk.internal.reflect.DelegatingMethodAccessorImpl.invoke(DelegatingMethodAccessorImpl.java:43) ~[na:na]
	at java.base/java.lang.reflect.Method.invoke(Method.java:566) ~[na:na]
	at org.springframework.web.method.support.InvocableHandlerMethod.doInvoke(InvocableHandlerMethod.java:205) ~[spring-web-5.3.26.jar:5.3.26]
	at org.springframework.web.method.support.InvocableHandlerMethod.invokeForRequest(InvocableHandlerMethod.java:150) ~[spring-web-5.3.26.jar:5.3.26]
	at org.springframework.web.servlet.mvc.method.annotation.ServletInvocableHandlerMethod.invokeAndHandle(ServletInvocableHandlerMethod.java:117) ~[spring-webmvc-5.3.26.jar:5.3.26]
	at org.springframework.web.servlet.mvc.method.annotation.RequestMappingHandlerAdapter.invokeHandlerMethod(RequestMappingHandlerAdapter.java:895) ~[spring-webmvc-5.3.26.jar:5.3.26]
	at org.springframework.web.servlet.mvc.method.annotation.RequestMappingHandlerAdapter.handleInternal(RequestMappingHandlerAdapter.java:808) ~[spring-webmvc-5.3.26.jar:5.3.26]
	at org.springframework.web.servlet.mvc.method.AbstractHandlerMethodAdapter.handle(AbstractHandlerMethodAdapter.java:87) ~[spring-webmvc-5.3.26.jar:5.3.26]
	at org.springframework.web.servlet.DispatcherServlet.doDispatch(DispatcherServlet.java:1072) ~[spring-webmvc-5.3.26.jar:5.3.26]
	at org.springframework.web.servlet.DispatcherServlet.doService(DispatcherServlet.java:965) ~[spring-webmvc-5.3.26.jar:5.3.26]
	at org.springframework.web.servlet.FrameworkServlet.processRequest(FrameworkServlet.java:1006) ~[spring-webmvc-5.3.26.jar:5.3.26]
	at org.springframework.web.servlet.FrameworkServlet.doGet(FrameworkServlet.java:898) ~[spring-webmvc-5.3.26.jar:5.3.26]
	at javax.servlet.http.HttpServlet.service(HttpServlet.java:502) ~[tomcat-embed-core-9.0.73.jar:4.0.FR]
	at org.springframework.web.servlet.FrameworkServlet.service(FrameworkServlet.java:883) ~[spring-webmvc-5.3.26.jar:5.3.26]
	at javax.servlet.http.HttpServlet.service(HttpServlet.java:596) ~[tomcat-embed-core-9.0.73.jar:4.0.FR]
	at org.apache.catalina.core.ApplicationFilterChain.internalDoFilter(ApplicationFilterChain.java:209) ~[tomcat-embed-core-9.0.73.jar:9.0.73]
	at org.apache.catalina.core.ApplicationFilterChain.doFilter(ApplicationFilterChain.java:153) ~[tomcat-embed-core-9.0.73.jar:9.0.73]
	at org.apache.tomcat.websocket.server.WsFilter.doFilter(WsFilter.java:53) ~[tomcat-embed-websocket-9.0.73.jar:9.0.73]
	at org.apache.catalina.core.ApplicationFilterChain.internalDoFilter(ApplicationFilterChain.java:178) ~[tomcat-embed-core-9.0.73.jar:9.0.73]
	at org.apache.catalina.core.ApplicationFilterChain.doFilter(ApplicationFilterChain.java:153) ~[tomcat-embed-core-9.0.73.jar:9.0.73]
	at org.springframework.security.web.FilterChainProxy$VirtualFilterChain.doFilter(FilterChainProxy.java:337) ~[spring-security-web-5.7.7.jar:5.7.7]
	at org.springframework.security.web.access.intercept.FilterSecurityInterceptor.invoke(FilterSecurityInterceptor.java:115) ~[spring-security-web-5.7.7.jar:5.7.7]
	at org.springframework.security.web.access.intercept.FilterSecurityInterceptor.doFilter(FilterSecurityInterceptor.java:81) ~[spring-security-web-5.7.7.jar:5.7.7]
	at org.springframework.security.web.FilterChainProxy$VirtualFilterChain.doFilter(FilterChainProxy.java:346) ~[spring-security-web-5.7.7.jar:5.7.7]
	at org.springframework.security.web.access.ExceptionTranslationFilter.doFilter(ExceptionTranslationFilter.java:122) ~[spring-security-web-5.7.7.jar:5.7.7]
	at org.springframework.security.web.access.ExceptionTranslationFilter.doFilter(ExceptionTranslationFilter.java:116) ~[spring-security-web-5.7.7.jar:5.7.7]
	at org.springframework.security.web.FilterChainProxy$VirtualFilterChain.doFilter(FilterChainProxy.java:346) ~[spring-security-web-5.7.7.jar:5.7.7]
	at org.springframework.security.web.session.SessionManagementFilter.doFilter(SessionManagementFilter.java:126) ~[spring-security-web-5.7.7.jar:5.7.7]
	at org.springframework.security.web.session.SessionManagementFilter.doFilter(SessionManagementFilter.java:81) ~[spring-security-web-5.7.7.jar:5.7.7]
	at org.springframework.security.web.FilterChainProxy$VirtualFilterChain.doFilter(FilterChainProxy.java:346) ~[spring-security-web-5.7.7.jar:5.7.7]
	at org.springframework.security.web.authentication.AnonymousAuthenticationFilter.doFilter(AnonymousAuthenticationFilter.java:109) ~[spring-security-web-5.7.7.jar:5.7.7]
	at org.springframework.security.web.FilterChainProxy$VirtualFilterChain.doFilter(FilterChainProxy.java:346) ~[spring-security-web-5.7.7.jar:5.7.7]
	at org.springframework.security.web.servletapi.SecurityContextHolderAwareRequestFilter.doFilter(SecurityContextHolderAwareRequestFilter.java:149) ~[spring-security-web-5.7.7.jar:5.7.7]
	at org.springframework.security.web.FilterChainProxy$VirtualFilterChain.doFilter(FilterChainProxy.java:346) ~[spring-security-web-5.7.7.jar:5.7.7]
	at org.springframework.security.web.savedrequest.RequestCacheAwareFilter.doFilter(RequestCacheAwareFilter.java:63) ~[spring-security-web-5.7.7.jar:5.7.7]
	at org.springframework.security.web.FilterChainProxy$VirtualFilterChain.doFilter(FilterChainProxy.java:346) ~[spring-security-web-5.7.7.jar:5.7.7]
	at org.springframework.security.web.authentication.logout.LogoutFilter.doFilter(LogoutFilter.java:103) ~[spring-security-web-5.7.7.jar:5.7.7]
	at org.springframework.security.web.authentication.logout.LogoutFilter.doFilter(LogoutFilter.java:89) ~[spring-security-web-5.7.7.jar:5.7.7]
	at org.springframework.security.web.FilterChainProxy$VirtualFilterChain.doFilter(FilterChainProxy.java:346) ~[spring-security-web-5.7.7.jar:5.7.7]
	at org.springframework.security.web.header.HeaderWriterFilter.doHeadersAfter(HeaderWriterFilter.java:90) ~[spring-security-web-5.7.7.jar:5.7.7]
	at org.springframework.security.web.header.HeaderWriterFilter.doFilterInternal(HeaderWriterFilter.java:75) ~[spring-security-web-5.7.7.jar:5.7.7]
	at org.springframework.web.filter.OncePerRequestFilter.doFilter(OncePerRequestFilter.java:117) ~[spring-web-5.3.26.jar:5.3.26]
	at org.springframework.security.web.FilterChainProxy$VirtualFilterChain.doFilter(FilterChainProxy.java:346) ~[spring-security-web-5.7.7.jar:5.7.7]
	at org.springframework.security.web.context.SecurityContextPersistenceFilter.doFilter(SecurityContextPersistenceFilter.java:112) ~[spring-security-web-5.7.7.jar:5.7.7]
	at org.springframework.security.web.context.SecurityContextPersistenceFilter.doFilter(SecurityContextPersistenceFilter.java:82) ~[spring-security-web-5.7.7.jar:5.7.7]
	at org.springframework.security.web.FilterChainProxy$VirtualFilterChain.doFilter(FilterChainProxy.java:346) ~[spring-security-web-5.7.7.jar:5.7.7]
	at org.springframework.security.web.context.request.async.WebAsyncManagerIntegrationFilter.doFilterInternal(WebAsyncManagerIntegrationFilter.java:55) ~[spring-security-web-5.7.7.jar:5.7.7]
	at org.springframework.web.filter.OncePerRequestFilter.doFilter(OncePerRequestFilter.java:117) ~[spring-web-5.3.26.jar:5.3.26]
	at org.springframework.security.web.FilterChainProxy$VirtualFilterChain.doFilter(FilterChainProxy.java:346) ~[spring-security-web-5.7.7.jar:5.7.7]
	at org.springframework.security.web.session.DisableEncodeUrlFilter.doFilterInternal(DisableEncodeUrlFilter.java:42) ~[spring-security-web-5.7.7.jar:5.7.7]
	at org.springframework.web.filter.OncePerRequestFilter.doFilter(OncePerRequestFilter.java:117) ~[spring-web-5.3.26.jar:5.3.26]
	at org.springframework.security.web.FilterChainProxy$VirtualFilterChain.doFilter(FilterChainProxy.java:346) ~[spring-security-web-5.7.7.jar:5.7.7]
	at org.springframework.security.web.FilterChainProxy.doFilterInternal(FilterChainProxy.java:221) ~[spring-security-web-5.7.7.jar:5.7.7]
	at org.springframework.security.web.FilterChainProxy.doFilter(FilterChainProxy.java:186) ~[spring-security-web-5.7.7.jar:5.7.7]
	at org.springframework.web.filter.DelegatingFilterProxy.invokeDelegate(DelegatingFilterProxy.java:354) ~[spring-web-5.3.26.jar:5.3.26]
	at org.springframework.web.filter.DelegatingFilterProxy.doFilter(DelegatingFilterProxy.java:267) ~[spring-web-5.3.26.jar:5.3.26]
	at org.apache.catalina.core.ApplicationFilterChain.internalDoFilter(ApplicationFilterChain.java:178) ~[tomcat-embed-core-9.0.73.jar:9.0.73]
	at org.apache.catalina.core.ApplicationFilterChain.doFilter(ApplicationFilterChain.java:153) ~[tomcat-embed-core-9.0.73.jar:9.0.73]
	at org.springframework.web.filter.RequestContextFilter.doFilterInternal(RequestContextFilter.java:100) ~[spring-web-5.3.26.jar:5.3.26]
	at org.springframework.web.filter.OncePerRequestFilter.doFilter(OncePerRequestFilter.java:117) ~[spring-web-5.3.26.jar:5.3.26]
	at org.apache.catalina.core.ApplicationFilterChain.internalDoFilter(ApplicationFilterChain.java:178) ~[tomcat-embed-core-9.0.73.jar:9.0.73]
	at org.apache.catalina.core.ApplicationFilterChain.doFilter(ApplicationFilterChain.java:153) ~[tomcat-embed-core-9.0.73.jar:9.0.73]
	at org.springframework.web.filter.FormContentFilter.doFilterInternal(FormContentFilter.java:93) ~[spring-web-5.3.26.jar:5.3.26]
	at org.springframework.web.filter.OncePerRequestFilter.doFilter(OncePerRequestFilter.java:117) ~[spring-web-5.3.26.jar:5.3.26]
	at org.apache.catalina.core.ApplicationFilterChain.internalDoFilter(ApplicationFilterChain.java:178) ~[tomcat-embed-core-9.0.73.jar:9.0.73]
	at org.apache.catalina.core.ApplicationFilterChain.doFilter(ApplicationFilterChain.java:153) ~[tomcat-embed-core-9.0.73.jar:9.0.73]
	at org.springframework.web.filter.CharacterEncodingFilter.doFilterInternal(CharacterEncodingFilter.java:201) ~[spring-web-5.3.26.jar:5.3.26]
	at org.springframework.web.filter.OncePerRequestFilter.doFilter(OncePerRequestFilter.java:117) ~[spring-web-5.3.26.jar:5.3.26]
	at org.apache.catalina.core.ApplicationFilterChain.internalDoFilter(ApplicationFilterChain.java:178) ~[tomcat-embed-core-9.0.73.jar:9.0.73]
	at org.apache.catalina.core.ApplicationFilterChain.doFilter(ApplicationFilterChain.java:153) ~[tomcat-embed-core-9.0.73.jar:9.0.73]
	at org.apache.catalina.core.StandardWrapperValve.invoke(StandardWrapperValve.java:167) ~[tomcat-embed-core-9.0.73.jar:9.0.73]
	at org.apache.catalina.core.StandardContextValve.invoke(StandardContextValve.java:90) ~[tomcat-embed-core-9.0.73.jar:9.0.73]
	at org.apache.catalina.authenticator.AuthenticatorBase.invoke(AuthenticatorBase.java:492) ~[tomcat-embed-core-9.0.73.jar:9.0.73]
	at org.apache.catalina.core.StandardHostValve.invoke(StandardHostValve.java:130) ~[tomcat-embed-core-9.0.73.jar:9.0.73]
	at org.apache.catalina.valves.ErrorReportValve.invoke(ErrorReportValve.java:93) ~[tomcat-embed-core-9.0.73.jar:9.0.73]
	at org.apache.catalina.core.StandardEngineValve.invoke(StandardEngineValve.java:74) ~[tomcat-embed-core-9.0.73.jar:9.0.73]
	at org.apache.catalina.connector.CoyoteAdapter.service(CoyoteAdapter.java:343) ~[tomcat-embed-core-9.0.73.jar:9.0.73]
	at org.apache.coyote.http11.Http11Processor.service(Http11Processor.java:389) ~[tomcat-embed-core-9.0.73.jar:9.0.73]
	at org.apache.coyote.AbstractProcessorLight.process(AbstractProcessorLight.java:63) ~[tomcat-embed-core-9.0.73.jar:9.0.73]
	at org.apache.coyote.AbstractProtocol$ConnectionHandler.process(AbstractProtocol.java:926) ~[tomcat-embed-core-9.0.73.jar:9.0.73]
	at org.apache.tomcat.util.net.NioEndpoint$SocketProcessor.doRun(NioEndpoint.java:1791) ~[tomcat-embed-core-9.0.73.jar:9.0.73]
	at org.apache.tomcat.util.net.SocketProcessorBase.run(SocketProcessorBase.java:49) ~[tomcat-embed-core-9.0.73.jar:9.0.73]
	at org.apache.tomcat.util.threads.ThreadPoolExecutor.runWorker(ThreadPoolExecutor.java:1191) ~[tomcat-embed-core-9.0.73.jar:9.0.73]
	at org.apache.tomcat.util.threads.ThreadPoolExecutor$Worker.run(ThreadPoolExecutor.java:659) ~[tomcat-embed-core-9.0.73.jar:9.0.73]
	at org.apache.tomcat.util.threads.TaskThread$WrappingRunnable.run(TaskThread.java:61) ~[tomcat-embed-core-9.0.73.jar:9.0.73]
	at java.base/java.lang.Thread.run(Thread.java:829) ~[na:na]

2024-06-26 15:22:50.602 DEBUG 2736 --- [http-nio-8383-exec-9] o.s.security.web.FilterChainProxy        : Securing GET /error
2024-06-26 15:22:50.603 DEBUG 2736 --- [http-nio-8383-exec-9] s.s.w.c.SecurityContextPersistenceFilter : Set SecurityContextHolder to empty SecurityContext
2024-06-26 15:22:50.603 DEBUG 2736 --- [http-nio-8383-exec-9] o.s.s.w.a.AnonymousAuthenticationFilter  : Set SecurityContextHolder to anonymous SecurityContext
2024-06-26 15:22:50.603 DEBUG 2736 --- [http-nio-8383-exec-9] o.s.security.web.FilterChainProxy        : Secured GET /error
2024-06-26 15:22:50.603 DEBUG 2736 --- [http-nio-8383-exec-9] o.s.web.servlet.DispatcherServlet        : "ERROR" dispatch for GET "/error", parameters={}
2024-06-26 15:22:50.603 DEBUG 2736 --- [http-nio-8383-exec-9] s.w.s.m.m.a.RequestMappingHandlerMapping : Mapped to org.springframework.boot.autoconfigure.web.servlet.error.BasicErrorController#errorHtml(HttpServletRequest, HttpServletResponse)
2024-06-26 15:22:50.605 DEBUG 2736 --- [http-nio-8383-exec-9] o.s.w.s.v.ContentNegotiatingViewResolver : Selected 'text/html' given [text/html, text/html;q=0.8]
2024-06-26 15:22:50.606 DEBUG 2736 --- [http-nio-8383-exec-9] o.s.web.servlet.DispatcherServlet        : Exiting from "ERROR" dispatch, status 500
2024-06-26 15:22:50.606 DEBUG 2736 --- [http-nio-8383-exec-9] w.c.HttpSessionSecurityContextRepository : Did not store anonymous SecurityContext
2024-06-26 15:22:50.606 DEBUG 2736 --- [http-nio-8383-exec-9] s.s.w.c.SecurityContextPersistenceFilter : Cleared SecurityContextHolder to complete request
2024-06-26 15:22:53.588 DEBUG 2736 --- [http-nio-8383-exec-10] o.s.security.web.FilterChainProxy        : Securing GET /lunchMateBoard/new
2024-06-26 15:22:53.588 DEBUG 2736 --- [http-nio-8383-exec-10] s.s.w.c.SecurityContextPersistenceFilter : Set SecurityContextHolder to empty SecurityContext
2024-06-26 15:22:53.588 DEBUG 2736 --- [http-nio-8383-exec-10] o.s.s.w.a.AnonymousAuthenticationFilter  : Set SecurityContextHolder to anonymous SecurityContext
2024-06-26 15:22:53.588 DEBUG 2736 --- [http-nio-8383-exec-10] o.s.s.w.a.i.FilterSecurityInterceptor    : Authorized filter invocation [GET /lunchMateBoard/new] with attributes [permitAll]
2024-06-26 15:22:53.588 DEBUG 2736 --- [http-nio-8383-exec-10] o.s.security.web.FilterChainProxy        : Secured GET /lunchMateBoard/new
2024-06-26 15:22:53.588 DEBUG 2736 --- [http-nio-8383-exec-10] o.s.web.servlet.DispatcherServlet        : GET "/lunchMateBoard/new", parameters={}
2024-06-26 15:22:53.589 DEBUG 2736 --- [http-nio-8383-exec-10] s.w.s.m.m.a.RequestMappingHandlerMapping : Mapped to com.workwave.controller.lunch.LunchMateBoardController#createForm(Model)
2024-06-26 15:22:53.593 DEBUG 2736 --- [http-nio-8383-exec-10] o.s.w.s.v.ContentNegotiatingViewResolver : Selected 'text/html' given [text/html, application/xhtml+xml, image/avif, image/webp, image/apng, application/xml;q=0.9, application/signed-exchange;v=b3;q=0.7, */*;q=0.8]
2024-06-26 15:22:53.610 DEBUG 2736 --- [http-nio-8383-exec-10] o.s.web.servlet.view.JstlView            : View name 'lunch/createLunchBoard', model {board=LunchMateBoard(lunchPostNumber=0, userId=null, lunchPostTitle=null, lunchDate=null, eatTime=null, lunchLocation=null, lunchMenuName=null, lunchAttendees=0, progressStatus=null), org.springframework.validation.BindingResult.board=org.springframework.validation.BeanPropertyBindingResult: 0 errors}
2024-06-26 15:22:53.610 DEBUG 2736 --- [http-nio-8383-exec-10] o.s.web.servlet.view.JstlView            : Forwarding to [/WEB-INF/views/lunch/createLunchBoard.jsp]
2024-06-26 15:22:53.695 DEBUG 2736 --- [http-nio-8383-exec-10] w.c.HttpSessionSecurityContextRepository : Did not store anonymous SecurityContext
2024-06-26 15:22:53.695 DEBUG 2736 --- [http-nio-8383-exec-10] o.s.web.servlet.DispatcherServlet        : Completed 200 OK
2024-06-26 15:22:53.695 DEBUG 2736 --- [http-nio-8383-exec-10] w.c.HttpSessionSecurityContextRepository : Did not store anonymous SecurityContext
2024-06-26 15:22:53.695 DEBUG 2736 --- [http-nio-8383-exec-10] s.s.w.c.SecurityContextPersistenceFilter : Cleared SecurityContextHolder to complete request
2024-06-26 17:53:07.706  INFO 2736 --- [SpringApplicationShutdownHook] com.zaxxer.hikari.HikariDataSource       : HikariPool-1 - Shutdown initiated...
2024-06-26 17:53:07.709  INFO 2736 --- [SpringApplicationShutdownHook] com.zaxxer.hikari.HikariDataSource       : HikariPool-1 - Shutdown completed.
